17:52:41 DEBUG o.akhikhl.gretty.JettyServerManager - Jetty 9.2.22.v20170606 starting.
17:52:42 DEBUG o.a.gretty.JettyServerConfigurer - jetty context temp directory: /home/yucfeng/software/eclipse-workspace/gradle-webapp/build/serverBaseDir_jetty9/webapps-exploded/gradle-webapp
17:52:42 DEBUG jndi - InitialContextFactory.getInitialContext()
17:52:42 DEBUG jndi - supportDeepBinding=false
17:52:42 DEBUG jndi - Created initial context delegate for local namespace:org.eclipse.jetty.jndi.local.localContextRoot@6d3c5255
17:52:42 DEBUG jndi - supportDeepBinding=false
17:52:42 DEBUG jndi - Adding binding with key=comp obj=Reference Class Name: javax.naming.Context
Type: parser
Content: org.eclipse.jetty.jndi.java.javaNameParser
 for context=null as comp: javax.naming.Reference:Reference Class Name: javax.naming.Context
Type: parser
Content: org.eclipse.jetty.jndi.java.javaNameParser

17:52:42 DEBUG jndi - Looking up name="comp"
17:52:42 DEBUG jndi - Using threadlocal classloader
17:52:42 DEBUG jndi - supportDeepBinding=false
17:52:42 DEBUG jndi - Made context comp for classloader: WebAppClassLoader=/gradle-webapp@34c01041
17:52:42 DEBUG jndi - supportDeepBinding=false
17:52:42 DEBUG jndi - Adding binding with key=env obj=org.eclipse.jetty.jndi.NamingContext@2da59753[name=env,parent=org.eclipse.jetty.jndi.NamingContext@5629510,bindings.size=0] for context=comp as env: org.eclipse.jetty.jndi.NamingContext:org.eclipse.jetty.jndi.NamingContext@2da59753[name=env,parent=org.eclipse.jetty.jndi.NamingContext@5629510,bindings.size=0]
17:52:42 DEBUG jndi - InitialContextFactory.getInitialContext()
17:52:42 DEBUG jndi - Created initial context delegate for local namespace:org.eclipse.jetty.jndi.local.localContextRoot@6bbe2511
17:52:42 DEBUG jndi - Looking up name="comp/env"
17:52:42 DEBUG jndi - Trying thread context classloader
17:52:42 DEBUG jndi - Looking up name="env"
17:52:42 DEBUG jndi - InitialContextFactory.getInitialContext()
17:52:42 DEBUG jndi - Created initial context delegate for local namespace:org.eclipse.jetty.jndi.local.localContextRoot@635572a7
17:52:42 DEBUG jndi - Looking up name=""
17:52:42 DEBUG jndi - Null or empty name, returning copy of this context
17:52:42 DEBUG jndi - supportDeepBinding=false
17:52:42 DEBUG jndi - Looking up name="__"
17:52:42 DEBUG jndi - InitialContextFactory.getInitialContext()
17:52:42 DEBUG jndi - Created initial context delegate for local namespace:org.eclipse.jetty.jndi.local.localContextRoot@79d94571
17:52:42 DEBUG jndi - Looking up name="org.eclipse.jetty.server.Server@4dd02341"
17:52:42 DEBUG jndi - InitialContextFactory.getInitialContext()
17:52:42 DEBUG jndi - Created initial context delegate for local namespace:org.eclipse.jetty.jndi.local.localContextRoot@3212a8d7
17:52:42 DEBUG jndi - Looking up name="org.akhikhl.gretty.JettyWebAppContext@517d4a0d"
17:52:42 DEBUG jndi - InitialContextFactory.getInitialContext()
17:52:42 DEBUG jndi - Created initial context delegate for local namespace:org.eclipse.jetty.jndi.local.localContextRoot@55dfcc6
17:52:42 DEBUG jndi - InitialContextFactory.getInitialContext()
17:52:42 DEBUG jndi - Created initial context delegate for local namespace:org.eclipse.jetty.jndi.local.localContextRoot@222eb8aa
17:52:42 DEBUG jndi - Looking up name="__/UserTransaction"
17:52:44 DEBUG jndi - InitialContextFactory.getInitialContext()
17:52:44 DEBUG jndi - Created initial context delegate for local namespace:org.eclipse.jetty.jndi.local.localContextRoot@3a94964
17:52:44 DEBUG jndi - Looking up name="comp"
17:52:44 DEBUG jndi - Trying thread context classloader
17:52:44 INFO  o.a.gretty.JettyServerStartInfo - Jetty 9.2.22.v20170606 started and listening on port 8081
17:52:44 INFO  o.a.gretty.JettyServerStartInfo - ToDo Application runs at:
17:52:44 INFO  o.a.gretty.JettyServerStartInfo -   http://localhost:8081/gradle-webapp
17:52:44 DEBUG o.akhikhl.gretty.JettyServerManager - Jetty 9.2.22.v20170606 started.
17:55:51 DEBUG o.akhikhl.gretty.JettyServerManager - Jetty 9.2.22.v20170606 stopping.
17:55:51 DEBUG jndi - InitialContextFactory.getInitialContext()
17:55:51 DEBUG jndi - Created initial context delegate for local namespace:org.eclipse.jetty.jndi.local.localContextRoot@4e76dac
17:55:51 DEBUG jndi - Looking up name="comp"
17:55:51 DEBUG jndi - Trying thread context classloader
17:55:51 DEBUG jndi - InitialContextFactory.getInitialContext()
17:55:51 DEBUG jndi - Created initial context delegate for local namespace:org.eclipse.jetty.jndi.local.localContextRoot@611df6e3
17:55:51 DEBUG jndi - Looking up name="comp"
17:55:51 DEBUG jndi - Using threadlocal classloader
17:55:51 DEBUG jndi - Removing binding with key=env
17:55:51 DEBUG o.akhikhl.gretty.JettyServerManager - Jetty 9.2.22.v20170606 stopped.
